[2017-10-05 14:17:38] slim-app.INFO: Slim-Skeleton '/' route [] {"uid":"0d507b6"}
[2017-10-05 14:18:19] slim-app.INFO: Slim-Skeleton '/' route [] {"uid":"19b3c8d"}
[2017-10-05 14:20:03] slim-app.INFO: Slim-Skeleton '/' route [] {"uid":"d5dab8e"}
[2017-10-05 14:20:04] slim-app.INFO: Slim-Skeleton '/' route [] {"uid":"426a52c"}
[2017-10-05 14:20:32] slim-app.INFO: Slim-Skeleton '/' route [] {"uid":"9040d77"}
[2017-10-05 14:20:33] slim-app.INFO: Slim-Skeleton '/' route [] {"uid":"0509afd"}
[2017-10-05 14:20:34] slim-app.INFO: Slim-Skeleton '/' route [] {"uid":"6c342c6"}
[2017-10-05 14:21:26] slim-app.INFO: Slim-Skeleton '/' route [] {"uid":"bc6500f"}
[2017-10-06 11:55:26] slim-app.INFO: Slim-Skeleton '/' route [] {"uid":"7d99c78"}
[2017-10-06 12:08:33] slim-app.INFO: Slim-Skeleton '/' route [] {"uid":"23f028f"}
[2017-10-06 12:10:03] slim-app.INFO: Slim-Skeleton '/' route [] {"uid":"a96dfc6"}
[2017-10-06 12:10:17] slim-app.INFO: Slim-Skeleton '/' route [] {"uid":"686acfc"}
[2017-10-06 12:10:34] slim-app.INFO: Slim-Skelseton '/' route [] {"uid":"65f5161"}
[2017-10-06 12:13:22] slim-app.INFO: Slim-Skelseton '/' route [] {"uid":"c9133d6"}
[2017-10-06 12:14:19] slim-app.INFO: Slim-Skelseton '/' route [] {"uid":"1e1c84e"}
[2017-10-06 12:46:19] slim-app.INFO: Slim-Skeleton '/' route [] {"uid":"613c107"}
[2017-10-06 12:46:31] slim-app.INFO: Slim-Skeleton '/' route [] {"uid":"319d2fd"}
[2017-10-06 12:47:14] slim-app.INFO: Slim-Skeleton '/' route [] {"uid":"30a9e54"}
[2017-10-06 20:04:10] slim-app.INFO: Slim-Skeleton '/' route [] {"uid":"d3fefaf"}
[2017-10-06 20:23:19] slim-app.INFO: Slim-Skeleton '/' route [] {"uid":"77cd73e"}
<<<<<<< HEAD
[2017-10-06 20:34:44] slim-app.INFO: Slim-Skeleton '/' route [] {"uid":"af25036"}
[2017-10-06 20:36:59] slim-app.INFO: Slim-Skeleton '/' route [] {"uid":"3c7348e"}
[2017-10-06 20:37:21] slim-app.INFO: Slim-Skeleton '/' route [] {"uid":"81f9d61"}
[2017-10-06 20:37:24] slim-app.INFO: Slim-Skeleton '/' route [] {"uid":"b23bc42"}
[2017-10-07 14:48:50] slim-app.INFO: Slim-Skeleton '/' route [] {"uid":"b24784e"}
[2017-10-07 16:01:30] slim-app.INFO: Slim-Skeleton '/' route [] {"uid":"0f7a198"}
[2017-10-07 16:01:33] slim-app.INFO: Slim-Skeleton '/' route [] {"uid":"3363c18"}
=======
[2017-10-07 17:33:02] slim-app.INFO: Slim-Skeleton '/' route [] {"uid":"63030c8"}
[2017-10-07 17:33:08] slim-app.INFO: Slim-Skeleton '/' route [] {"uid":"97c3c6d"}
[2017-10-08 14:09:42] slim-app.INFO: Slim-Skeleton '/' route [] {"uid":"7a8609e"}
[2017-10-08 14:09:56] slim-app.INFO: Slim-Skeleton '/' route [] {"uid":"96e4c29"}
[2017-10-08 19:56:04] slim-app.INFO: Slim-Skeleton '/' route [] {"uid":"230e1ee"}
[2017-10-08 19:57:56] slim-app.INFO: Slim-Skeleton '/' route [] {"uid":"66fe54f"}
>>>>>>> origin/master
[2017-10-14 16:16:56] slim-app.INFO: Slim-Skeleton '/' route [] {"uid":"ef39311"}
[2017-10-14 16:27:51] slim-app.INFO: Slim-Skeleton '/' route [] {"uid":"7d25d74"}
[2017-10-14 16:28:26] slim-app.INFO: Slim-Skeleton '/' route [] {"uid":"9d8759d"}
[2017-10-14 16:29:00] slim-app.INFO: Slim-Skeleton '/' route [] {"uid":"9a0a45a"}
[2017-10-14 16:30:07] slim-app.INFO: Slim-Skeleton '/' route [] {"uid":"189743b"}
[2017-10-14 16:41:45] slim-app.INFO: Slim-Skeleton '/' route [] {"uid":"efd9fb1"}
[2017-10-14 16:49:50] slim-app.INFO: Slim-Skeleton '/' route [] {"uid":"4626585"}
[2017-10-15 17:19:42] slim-app.INFO: Slim-Skeleton '/' route [] {"uid":"6f3285b"}
[2017-10-15 17:20:09] slim-app.INFO: Slim-Skeleton '/' route [] {"uid":"95c7163"}
[2017-10-15 17:21:24] slim-app.INFO: Slim-Skeleton '/' route [] {"uid":"ef446d0"}
[2017-10-15 17:38:33] slim-app.INFO: Slim-Skeleton '/' route [] {"uid":"c3519e0"}
[2017-10-15 17:42:18] slim-app.INFO: Slim-Skeleton '/' route [] {"uid":"3b49c3b"}
[2017-10-15 17:43:59] slim-app.INFO: Slim-Skeleton '/' route [] {"uid":"ff320ec"}
[2017-10-15 17:44:46] slim-app.INFO: Slim-Skeleton '/' route [] {"uid":"9d22747"}
[2017-10-15 17:44:58] slim-app.INFO: Slim-Skeleton '/' route [] {"uid":"47f6e6c"}
[2017-10-15 17:45:19] slim-app.INFO: Slim-Skeleton '/' route [] {"uid":"3cf3f5b"}
[2017-10-15 17:46:01] slim-app.INFO: Slim-Skeleton '/' route [] {"uid":"befcca3"}
[2017-10-15 17:46:13] slim-app.INFO: Slim-Skeleton '/' route [] {"uid":"3308966"}
[2017-10-15 17:57:19] slim-app.INFO: Slim-Skeleton '/' route [] {"uid":"6a06ecf"}
[2017-10-15 17:58:12] slim-app.INFO: Slim-Skeleton '/' route [] {"uid":"a079f32"}
[2017-10-15 17:58:25] slim-app.INFO: Slim-Skeleton '/' route [] {"uid":"db4efdc"}
[2017-10-17 19:44:08] slim-app.INFO: Slim-Skeleton '/' route [] {"uid":"4168d96"}
[2017-10-17 21:14:22] slim-app.INFO: Slim-Skeleton '/' route [] {"uid":"9a3dc8d"}
